<?xml version="1.0" encoding="UTF-8" ?>
<testsuite tests="109" failures="0" name="Runner" time="199.282" errors="0" skipped="0">
  <properties>
[...]
</properties>
  <testcase classname="tests.car.CancelCarTest" name="testCancelCarWithoutToken" time="4.318"/>
  <testcase classname="tests.car.CancelCarTest" name="testCancelCarWithoutCar" time="2.032"/>
  <testcase classname="tests.car.CancelCarTest" name="testCancelCart" time="2.349"/>
  <testcase classname="tests.car.ConcludeCarTest" name="testConcludeCarWithoutCar" time="1.998"/>
  <testcase classname="tests.car.ConcludeCarTest" name="testConcludeCarWithoutToken" time="1.877"/>
  <testcase classname="tests.car.ConcludeCarTest" name="testConcludeCar" time="2.548"/>
  <testcase classname="tests.car.CreateCarTest" name="testCreateCarFieldRequired" time="2.247"/>
  <testcase classname="tests.car.CreateCarTest" name="testCreateTwoCars" time="3.123"/>
  <testcase classname="tests.car.CreateCarTest" name="testCarContract" time="2.599"/>
  <testcase classname="tests.car.CreateCarTest" name="testCreateCarQuantityProductInsufficient" time="2.284"/>
  <testcase classname="tests.car.CreateCarTest" name="testCreateCarWithoutToken" time="2.051"/>
  <testcase classname="tests.car.CreateCarTest" name="testCreateCar" time="2.837"/>
  <testcase classname="tests.car.CreateCarTest" name="testCreateCarWithoutProducts" time="1.99"/>
  <testcase classname="tests.car.ListCarTest" name="testListCarIncorrectParams" time="2.003"/>
  <testcase classname="tests.car.ListCarTest" name="testListCarTypeParamsIncorrect" time="1.915"/>
  <testcase classname="tests.car.ListCarTest" name="testListCars" time="1.974"/>
  <testcase classname="tests.car.ListCarTest" name="testListCarForId" time="3.652"/>
  <testcase classname="tests.login.LoginTest" name="tesLoginSuccess" time="0.961"/>
  <testcase classname="tests.login.LoginTest" name="testLoginEmailNull" time="0.446"/>
  <testcase classname="tests.login.LoginTest" name="testLoginFieldsRequired" time="0.452"/>
  <testcase classname="tests.login.LoginTest" name="testLoginEmailEmpty" time="0.413"/>
  <testcase classname="tests.login.LoginTest" name="testLoginWithoutPassword" time="0.406"/>
  <testcase classname="tests.login.LoginTest" name="testLoginPasswordNull" time="0.654"/>
  <testcase classname="tests.login.LoginTest" name="testLoginEmailIncorrect" time="0.5"/>
  <testcase classname="tests.login.LoginTest" name="testLoginPasswordIncorrect" time="0.513"/>
  <testcase classname="tests.login.LoginTest" name="testLoginContract" time="1.017"/>
  <testcase classname="tests.login.LoginTest" name="testLoginWithoutEmail" time="0.431"/>
  <testcase classname="tests.login.LoginTest" name="testLoginEmailNoRegistered" time="0.524"/>
  <testcase classname="tests.login.LoginTest" name="testLoginPasswordEmpty" time="0.417"/>
  <testcase classname="tests.product.CreateProductTest" name="testCreateProductWithoutName" time="2.363"/>
  <testcase classname="tests.product.CreateProductTest" name="testCreateProductNameExistent" time="3.13"/>
  <testcase classname="tests.product.CreateProductTest" name="testCreateProductWithoutDescription" time="2.742"/>
  <testcase classname="tests.product.CreateProductTest" name="testProductContract" time="2.766"/>
  <testcase classname="tests.product.CreateProductTest" name="testCreateProduct" time="3.715"/>
  <testcase classname="tests.product.CreateProductTest" name="testCreateProductWithoutQuantity" time="3.036"/>
  <testcase classname="tests.product.CreateProductTest" name="testCreateProductIdUser" time="2.775"/>
  <testcase classname="tests.product.CreateProductTest" name="testCreateProductQuantityNull" time="2.96"/>
  <testcase classname="tests.product.CreateProductTest" name="testCreateProductFieldRequire" time="2.915"/>
  <testcase classname="tests.product.CreateProductTest" name="testCreateProductPriceNull" time="2.819"/>
  <testcase classname="tests.product.CreateProductTest" name="testCreateProductNameNull" time="2.772"/>
  <testcase classname="tests.product.CreateProductTest" name="testCreateProductDescriptionNull" time="3.082"/>
  <testcase classname="tests.product.CreateProductTest" name="testCreateProductWithoutPrice" time="2.748"/>
  <testcase classname="tests.product.CreateProductTest" name="testCreateProductWithoutToken" time="2.978"/>
  <testcase classname="tests.product.DeleteProductTest" name="testDeleteProductAbsent" time="3.173"/>
  <testcase classname="tests.product.DeleteProductTest" name="testDeleteProductWithCar" time="5.921"/>
  <testcase classname="tests.product.DeleteProductTest" name="testDeleteProductTokenUser" time="3.498"/>
  <testcase classname="tests.product.DeleteProductTest" name="testDeleteProduct" time="5.112"/>
  <testcase classname="tests.product.DeleteProductTest" name="testDeleteProductWithoutToken" time="3.691"/>
  <testcase classname="tests.product.ListProductTest" name="testListProductsParamsIncorrect" time="0.64"/>
  <testcase classname="tests.product.ListProductTest" name="testListProducts" time="0.705"/>
  <testcase classname="tests.product.ListProductTest" name="testListProductsParams" time="0.63"/>
  <testcase classname="tests.product.ListProductTest" name="testListProductsForId" time="2.55"/>
  <testcase classname="tests.product.UpdateProductTest" name="testUpdateProductWithoutPrice" time="2.35"/>
  <testcase classname="tests.product.UpdateProductTest" name="testUpdateProductWithoutToken" time="2.863"/>
  <testcase classname="tests.product.UpdateProductTest" name="testUpdateProductPriceNull" time="2.552"/>
  <testcase classname="tests.product.UpdateProductTest" name="testUpdateProductNameExistent" time="4.302"/>
  <testcase classname="tests.product.UpdateProductTest" name="testUpdateProductNameNull" time="2.25"/>
  <testcase classname="tests.product.UpdateProductTest" name="testUpdateProductIdUser" time="3.385"/>
  <testcase classname="tests.product.UpdateProductTest" name="testUpdateProductDescriptionNull" time="2.453"/>
  <testcase classname="tests.product.UpdateProductTest" name="testUpdateProductFieldsRequire" time="2.278"/>
  <testcase classname="tests.product.UpdateProductTest" name="testUpdateProduct" time="2.33"/>
  <testcase classname="tests.product.UpdateProductTest" name="testUpdateProductWithoutDescription" time="3.022"/>
  <testcase classname="tests.product.UpdateProductTest" name="testUpdateProductWithoutName" time="2.4"/>
  <testcase classname="tests.product.UpdateProductTest" name="testUpdateProductQuantityNull" time="2.458"/>
  <testcase classname="tests.product.UpdateProductTest" name="testUpdateProductIdIncorrect" time="2.878"/>
  <testcase classname="tests.product.UpdateProductTest" name="testUpdateProductWithoutQuantity" time="2.245"/>
  <testcase classname="tests.users.CreateUserTest" name="testCreateUserEmailIncorrect" time="0.612"/>
  <testcase classname="tests.users.CreateUserTest" name="testCreateUserPasswordNull" time="0.513"/>
  <testcase classname="tests.users.CreateUserTest" name="testCreateUserAdmWithoutType" time="0.493"/>
  <testcase classname="tests.users.CreateUserTest" name="testCreateAdmUser" time="0.65"/>
  <testcase classname="tests.users.CreateUserTest" name="testCreateUserNameEmpty" time="0.599"/>
  <testcase classname="tests.users.CreateUserTest" name="testCreateUserEmailEmpty" time="0.519"/>
  <testcase classname="tests.users.CreateUserTest" name="testUserContract" time="0.599"/>
  <testcase classname="tests.users.CreateUserTest" name="testCreateUserWithoutName" time="0.722"/>
  <testcase classname="tests.users.CreateUserTest" name="testCreateUserTypeAdmIncorrect" time="0.824"/>
  <testcase classname="tests.users.CreateUserTest" name="testCreateUserWithoutEmail" time="0.507"/>
  <testcase classname="tests.users.CreateUserTest" name="testCreateUser" time="0.632"/>
  <testcase classname="tests.users.CreateUserTest" name="testCreateUserFieldsRequired" time="0.543"/>
  <testcase classname="tests.users.CreateUserTest" name="testCreateUserNameNull" time="0.669"/>
  <testcase classname="tests.users.CreateUserTest" name="testCreateUserTypeAdmNull" time="0.615"/>
  <testcase classname="tests.users.CreateUserTest" name="testCreateUserWithoutPassword" time="0.816"/>
  <testcase classname="tests.users.CreateUserTest" name="testCreateUserEmailExistent" time="1.128"/>
  <testcase classname="tests.users.CreateUserTest" name="testCreateUserPasswordEmpty" time="0.615"/>
  <testcase classname="tests.users.DeleteUserTest" name="testDeleteUserWithCar" time="5.102"/>
  <testcase classname="tests.users.DeleteUserTest" name="testDeleteUserIdIncorrect" time="2.98"/>
  <testcase classname="tests.users.DeleteUserTest" name="testDeleteUser" time="2.998"/>
  <testcase classname="tests.users.ListUserTest" name="testListUserTypeParamsIncorrect" time="0.603"/>
  <testcase classname="tests.users.ListUserTest" name="testListUserParamsIncorrect" time="0.472"/>
  <testcase classname="tests.users.ListUserTest" name="testListUserWithoutParams" time="0.561"/>
  <testcase classname="tests.users.ListUserTest" name="testListUsersAllParams" time="1.022"/>
  <testcase classname="tests.users.ListUserTest" name="testListUserIdIncorrect" time="1.278"/>
  <testcase classname="tests.users.ListUserTest" name="testListUserForId" time="1.093"/>
  <testcase classname="tests.users.UpdateUserTest" name="testUpdateUserEmailExistent" time="1.289"/>
  <testcase classname="tests.users.UpdateUserTest" name="testUpdateUserTypeAdmNull" time="1.142"/>
  <testcase classname="tests.users.UpdateUserTest" name="testUpdateUserPasswordEmpty" time="0.906"/>
  <testcase classname="tests.users.UpdateUserTest" name="testUpdateUserNameNull" time="1.315"/>
  <testcase classname="tests.users.UpdateUserTest" name="testUpdateUser" time="1.15"/>
  <testcase classname="tests.users.UpdateUserTest" name="testUpdateUserFieldsRequired" time="1.16"/>
  <testcase classname="tests.users.UpdateUserTest" name="testUpdateUserWithoutTypeAdm" time="0.954"/>
  <testcase classname="tests.users.UpdateUserTest" name="testUpdateUserPasswordNull" time="1.009"/>
  <testcase classname="tests.users.UpdateUserTest" name="testUpdateUserAdm" time="1.228"/>
  <testcase classname="tests.users.UpdateUserTest" name="testUpdateUserTypeAdmIncorrect" time="1.279"/>
  <testcase classname="tests.users.UpdateUserTest" name="testUpdateUserEmailIncorrect" time="1.214"/>
  <testcase classname="tests.users.UpdateUserTest" name="testUpdateUserEmptyEmail" time="1.027"/>
  <testcase classname="tests.users.UpdateUserTest" name="testUpdateUserWithoutName" time="1.029"/>
  <testcase classname="tests.users.UpdateUserTest" name="testUpdateUserNameEmpty" time="1.224"/>
  <testcase classname="tests.users.UpdateUserTest" name="testUpdateUserWithoutPassword" time="1.023"/>
  <testcase classname="tests.users.UpdateUserTest" name="testUpdateUserIncorrectId" time="1.148"/>
  <testcase classname="tests.users.UpdateUserTest" name="testUpdateUserWithoutEmail" time="1.002"/>
</testsuite>