<?xml version="1.0" encoding="UTF-8" ?>
<testsuite tests="4" failures="0" name="tests.car.ListCarTest" time="8.942" errors="0" skipped="0">
  <properties>
[...]
</properties>
  <testcase classname="tests.car.ListCarTest" name="testListCarIncorrectParams" time="1.656"/>
  <testcase classname="tests.car.ListCarTest" name="testListCarTypeParamsIncorrect" time="1.714"/>
  <testcase classname="tests.car.ListCarTest" name="testListCars" time="2.886"/>
  <testcase classname="tests.car.ListCarTest" name="testListCarForId" time="2.686"/>
</testsuite>