<?xml version="1.0" encoding="UTF-8" ?>
<testsuite tests="17" failures="0" name="tests.users.CreateUserTest" time="10.221" errors="0" skipped="0">
  <properties>
[...]
</properties>
  <testcase classname="tests.users.CreateUserTest" name="testCreateUserEmailIncorrect" time="0.723"/>
  <testcase classname="tests.users.CreateUserTest" name="testCreateUserPasswordNull" time="0.687"/>
  <testcase classname="tests.users.CreateUserTest" name="testCreateUserAdmWithoutType" time="0.607"/>
  <testcase classname="tests.users.CreateUserTest" name="testCreateAdmUser" time="0.95"/>
  <testcase classname="tests.users.CreateUserTest" name="testCreateUserNameEmpty" time="0.563"/>
  <testcase classname="tests.users.CreateUserTest" name="testCreateUserEmailEmpty" time="0.538"/>
  <testcase classname="tests.users.CreateUserTest" name="testUserContract" time="0.859"/>
  <testcase classname="tests.users.CreateUserTest" name="testCreateUserWithoutName" time="0.411"/>
  <testcase classname="tests.users.CreateUserTest" name="testCreateUserTypeAdmIncorrect" time="1.007"/>
  <testcase classname="tests.users.CreateUserTest" name="testCreateUserWithoutEmail" time="0.508"/>
  <testcase classname="tests.users.CreateUserTest" name="testCreateUser" time="0.435"/>
  <testcase classname="tests.users.CreateUserTest" name="testCreateUserFieldsRequired" time="0.667"/>
  <testcase classname="tests.users.CreateUserTest" name="testCreateUserNameNull" time="0.363"/>
  <testcase classname="tests.users.CreateUserTest" name="testCreateUserTypeAdmNull" time="0.399"/>
  <testcase classname="tests.users.CreateUserTest" name="testCreateUserWithoutPassword" time="0.379"/>
  <testcase classname="tests.users.CreateUserTest" name="testCreateUserEmailExistent" time="0.768"/>
  <testcase classname="tests.users.CreateUserTest" name="testCreateUserPasswordEmpty" time="0.357"/>
</testsuite>