<?xml version="1.0" encoding="UTF-8" ?>
<testsuite tests="7" failures="0" name="tests.car.CreateCarTest" time="13.162" errors="0" skipped="0">
  <properties>
[...]
</properties>
  <testcase classname="tests.car.CreateCarTest" name="testCreateCarFieldRequired" time="1.594"/>
  <testcase classname="tests.car.CreateCarTest" name="testCreateTwoCars" time="2.488"/>
  <testcase classname="tests.car.CreateCarTest" name="testCarContract" time="2.998"/>
  <testcase classname="tests.car.CreateCarTest" name="testCreateCarQuantityProductInsufficient" time="1.438"/>
  <testcase classname="tests.car.CreateCarTest" name="testCreateCarWithoutToken" time="1.458"/>
  <testcase classname="tests.car.CreateCarTest" name="testCreateCar" time="1.735"/>
  <testcase classname="tests.car.CreateCarTest" name="testCreateCarWithoutProducts" time="1.451"/>
</testsuite>