<?xml version="1.0" encoding="UTF-8" ?>
<testsuite tests="17" failures="0" name="tests.users.UpdateUserTest" time="28.251" errors="0" skipped="0">
  <properties>
[...]
</properties>
  <testcase classname="tests.users.UpdateUserTest" name="testUpdateUserEmailExistent" time="2.15"/>
  <testcase classname="tests.users.UpdateUserTest" name="testUpdateUserTypeAdmNull" time="1.521"/>
  <testcase classname="tests.users.UpdateUserTest" name="testUpdateUserPasswordEmpty" time="1.552"/>
  <testcase classname="tests.users.UpdateUserTest" name="testUpdateUserNameNull" time="1.211"/>
  <testcase classname="tests.users.UpdateUserTest" name="testUpdateUser" time="1.545"/>
  <testcase classname="tests.users.UpdateUserTest" name="testUpdateUserFieldsRequired" time="1.558"/>
  <testcase classname="tests.users.UpdateUserTest" name="testUpdateUserWithoutTypeAdm" time="2.556"/>
  <testcase classname="tests.users.UpdateUserTest" name="testUpdateUserPasswordNull" time="2.339"/>
  <testcase classname="tests.users.UpdateUserTest" name="testUpdateUserAdm" time="1.519"/>
  <testcase classname="tests.users.UpdateUserTest" name="testUpdateUserTypeAdmIncorrect" time="1.548"/>
  <testcase classname="tests.users.UpdateUserTest" name="testUpdateUserEmailIncorrect" time="1.847"/>
  <testcase classname="tests.users.UpdateUserTest" name="testUpdateUserEmptyEmail" time="1.527"/>
  <testcase classname="tests.users.UpdateUserTest" name="testUpdateUserWithoutName" time="1.54"/>
  <testcase classname="tests.users.UpdateUserTest" name="testUpdateUserNameEmpty" time="1.231"/>
  <testcase classname="tests.users.UpdateUserTest" name="testUpdateUserWithoutPassword" time="1.233"/>
  <testcase classname="tests.users.UpdateUserTest" name="testUpdateUserIncorrectId" time="1.543"/>
  <testcase classname="tests.users.UpdateUserTest" name="testUpdateUserWithoutEmail" time="1.831"/>
</testsuite>