<?xml version="1.0" encoding="UTF-8" ?>
<testsuite tests="17" failures="0" name="tests.users.UpdateUserTest" time="12.545" errors="0" skipped="0">
  <properties>
[...]
</properties>
  <testcase classname="tests.users.UpdateUserTest" name="testUpdateUserEmailExistent" time="0.715"/>
  <testcase classname="tests.users.UpdateUserTest" name="testUpdateUserTypeAdmNull" time="0.73"/>
  <testcase classname="tests.users.UpdateUserTest" name="testUpdateUserPasswordEmpty" time="0.724"/>
  <testcase classname="tests.users.UpdateUserTest" name="testUpdateUserNameNull" time="0.745"/>
  <testcase classname="tests.users.UpdateUserTest" name="testUpdateUser" time="0.709"/>
  <testcase classname="tests.users.UpdateUserTest" name="testUpdateUserFieldsRequired" time="0.729"/>
  <testcase classname="tests.users.UpdateUserTest" name="testUpdateUserWithoutTypeAdm" time="0.622"/>
  <testcase classname="tests.users.UpdateUserTest" name="testUpdateUserPasswordNull" time="0.734"/>
  <testcase classname="tests.users.UpdateUserTest" name="testUpdateUserAdm" time="0.715"/>
  <testcase classname="tests.users.UpdateUserTest" name="testUpdateUserTypeAdmIncorrect" time="0.679"/>
  <testcase classname="tests.users.UpdateUserTest" name="testUpdateUserEmailIncorrect" time="0.85"/>
  <testcase classname="tests.users.UpdateUserTest" name="testUpdateUserEmptyEmail" time="0.713"/>
  <testcase classname="tests.users.UpdateUserTest" name="testUpdateUserWithoutName" time="1.072"/>
  <testcase classname="tests.users.UpdateUserTest" name="testUpdateUserNameEmpty" time="0.658"/>
  <testcase classname="tests.users.UpdateUserTest" name="testUpdateUserWithoutPassword" time="0.693"/>
  <testcase classname="tests.users.UpdateUserTest" name="testUpdateUserIncorrectId" time="0.744"/>
  <testcase classname="tests.users.UpdateUserTest" name="testUpdateUserWithoutEmail" time="0.713"/>
</testsuite>